<?xml version="1.0" encoding="UTF-8" ?>
<testsuites>
<testsuite name="Rally Tests" errors="0" tests="0" failures="0" time="0" timestamp="2014-03-14T11:51:03">
</testsuite>
<testsuite name="Rally Tests.Number To String Test Suite" errors="0" tests="0" failures="0" time="0" timestamp="2014-03-14T11:51:03">
</testsuite>
<testsuite name="Rally Tests.Number To String Test Suite.Truths" errors="0" tests="4" failures="0" time="0.015" timestamp="2014-03-14T11:51:03">
  <testcase classname="Rally Tests.Number To String Test Suite.Truths" name="should display Two thousand five hundred twenty three and 04/100 dollars" time="0.014"></testcase>
  <testcase classname="Rally Tests.Number To String Test Suite.Truths" name="should display Three million two hundred fifty thousand five hundred twenty three and 64/100 dollars" time="0"></testcase>
  <testcase classname="Rally Tests.Number To String Test Suite.Truths" name="should display And 64/100 dollars" time="0"></testcase>
  <testcase classname="Rally Tests.Number To String Test Suite.Truths" name="should display 0/100 dollars at the end of the string" time="0"></testcase>
</testsuite>
<testsuite name="Rally Tests.Number To String Test Suite.Errors &amp; Boundary Checks" errors="0" tests="2" failures="1" time="0.002" timestamp="2014-03-14T11:51:03">
  <testcase classname="Rally Tests.Number To String Test Suite.Errors &amp; Boundary Checks" name="should expect an error to be thrown" time="0.001"></testcase>
  <testcase classname="Rally Tests.Number To String Test Suite.Errors &amp; Boundary Checks" name="should expect an error if the amount is 1bn or greater" time="0.001"><failure type="expect" message="Error: Actual is not a function">Error: Actual is not a function
    at jasmine.Matchers.toThrow (c:\rally\node_modules\grunt-jasmine-node\node_modules\jasmine-node\lib\jasmine-node/jasmine-1.3.1.js:1496:11)
    at null.toThrow (c:\rally\node_modules\grunt-jasmine-node\node_modules\jasmine-node\lib\jasmine-node/jasmine-1.3.1.js:1208:34)
    at null.&amp;lt;anonymous&amp;gt; (c:\rally\spec\app-spec.js:47:19)
    at jasmine.Block.execute (c:\rally\node_modules\grunt-jasmine-node\node_modules\jasmine-node\lib\jasmine-node/jasmine-1.3.1.js:1064:17)
    at jasmine.Queue.next_ (c:\rally\node_modules\grunt-jasmine-node\node_modules\jasmine-node\lib\jasmine-node/jasmine-1.3.1.js:2096:31)
    at jasmine.Queue.start (c:\rally\node_modules\grunt-jasmine-node\node_modules\jasmine-node\lib\jasmine-node/jasmine-1.3.1.js:2049:8)
    at jasmine.Spec.execute (c:\rally\node_modules\grunt-jasmine-node\node_modules\jasmine-node\lib\jasmine-node/jasmine-1.3.1.js:2376:14)
    at jasmine.Queue.next_ (c:\rally\node_modules\grunt-jasmine-node\node_modules\jasmine-node\lib\jasmine-node/jasmine-1.3.1.js:2096:31)
    at jasmine.Queue.start (c:\rally\node_modules\grunt-jasmine-node\node_modules\jasmine-node\lib\jasmine-node/jasmine-1.3.1.js:2049:8)
    at jasmine.Suite.execute (c:\rally\node_modules\grunt-jasmine-node\node_modules\jasmine-node\lib\jasmine-node/jasmine-1.3.1.js:2521:14)</failure></testcase>
</testsuite>
</testsuites>